*** Starting uWSGI 2.0.18 (64bit) on [Fri May 22 16:53:21 2020] ***
compiled with version: 7.3.0 on 22 July 2019 16:35:30
os: Linux-5.3.0-51-generic #44~18.04.2-Ubuntu SMP Thu Apr 23 14:27:18 UTC 2020
nodename: mantydze-tuxedo
machine: x86_64
clock source: unix
pcre jit disabled
detected number of CPU cores: 8
current working directory: /home/mantydze/toptal/mantas-stankevicius
detected binary path: /home/mantydze/anaconda3/bin/uwsgi
chdir() to /home/mantydze/toptal/mantas-stankevicius
your processes number limit is 255873
your memory page size is 4096 bytes
detected max file descriptor number: 8192
lock engine: pthread robust mutexes
thunder lock: disabled (you can enable it with --thunder-lock)
uwsgi socket 0 bound to TCP address 0.0.0.0:9090 fd 3
Python version: 3.7.3 | packaged by conda-forge | (default, Jul  1 2019, 21:52:21)  [GCC 7.3.0]
Python main interpreter initialized at 0x5587cb3e3c90
python threads support enabled
your server socket listen backlog is limited to 100 connections
your mercy for graceful operations on workers is 60 seconds
mapped 416880 bytes (407 KB) for 8 cores
*** Operational MODE: preforking+threaded ***
WSGI app 0 (mountpoint='') ready in 1 seconds on interpreter 0x5587cb3e3c90 pid: 23168 (default app)
*** uWSGI is running in multiple interpreter mode ***
spawned uWSGI master process (pid: 23168)
spawned uWSGI worker 1 (pid: 23169, cores: 2)
spawned uWSGI worker 2 (pid: 23171, cores: 2)
spawned uWSGI worker 3 (pid: 23173, cores: 2)
spawned uWSGI worker 4 (pid: 23174, cores: 2)
*** Stats server enabled on 127.0.0.1:9191 fd: 27 ***
*** Starting uWSGI 2.0.18 (64bit) on [Fri May 22 16:53:57 2020] ***
compiled with version: 7.3.0 on 22 July 2019 16:35:30
os: Linux-5.3.0-51-generic #44~18.04.2-Ubuntu SMP Thu Apr 23 14:27:18 UTC 2020
nodename: mantydze-tuxedo
machine: x86_64
clock source: unix
pcre jit disabled
detected number of CPU cores: 8
current working directory: /home/mantydze/toptal/mantas-stankevicius
detected binary path: /home/mantydze/anaconda3/bin/uwsgi
chdir() to /home/mantydze/toptal/mantas-stankevicius
your processes number limit is 255873
your memory page size is 4096 bytes
detected max file descriptor number: 8192
lock engine: pthread robust mutexes
thunder lock: disabled (you can enable it with --thunder-lock)
probably another instance of uWSGI is running on the same address (0.0.0.0:9090).
bind(): Address already in use [core/socket.c line 769]
[pid: 23171|app: 0|req: 1/1] 127.0.0.1 () {44 vars in 1040 bytes} [Fri May 22 16:54:12 2020] GET / => generated 61 bytes in 20 msecs (HTTP/1.1 200) 3 headers in 85 bytes (1 switches on core 0)
[pid: 23174|app: 0|req: 1/2] 127.0.0.1 () {44 vars in 1040 bytes} [Fri May 22 16:54:14 2020] GET / => generated 61 bytes in 36 msecs (HTTP/1.1 200) 3 headers in 85 bytes (1 switches on core 0)
[pid: 23174|app: 0|req: 2/3] 127.0.0.1 () {44 vars in 1040 bytes} [Fri May 22 16:54:15 2020] GET / => generated 61 bytes in 1 msecs (HTTP/1.1 200) 3 headers in 85 bytes (1 switches on core 1)
...brutally killing workers...
Gracefully killing worker 2 (pid: 23171)...
Gracefully killing worker 1 (pid: 23169)...
worker 1 buried after 1 seconds
worker 2 buried after 1 seconds
worker 3 buried after 1 seconds
worker 4 buried after 1 seconds
binary reloading uWSGI...
chdir() to /home/mantydze/toptal/mantas-stankevicius
closing all non-uwsgi socket fds > 2 (max_fd = 8192)...
found fd 3 mapped to socket 0 (0.0.0.0:9090)
running /home/mantydze/anaconda3/bin/uwsgi
realpath() of aws-uwsgi.ini failed: No such file or directory [core/utils.c line 3654]
